Vivado Simulator v2024.2.0
Copyright 1986-2022 Xilinx, Inc. All Rights Reserved.
Copyright 2022-2024 Advanced Micro Devices, Inc. All Rights Reserved.
Running: /tools/Xilinx/Vivado/2024.2/bin/unwrapped/lnx64.o/xelab --incr --debug typical --relax --mt 8 -L xil_defaultlib -L uvm -L unisims_ver -L unimacro_ver -L secureip -L xpm --snapshot tb_control_behav xil_defaultlib.tb_control xil_defaultlib.glbl -log elaborate.log 
Using 8 slave threads.
Starting static elaboration
Pass Through NonSizing Optimizer
WARNING: [VRFC 10-3091] actual bit length 32 differs from formal bit length 18 for port 'bram_wr_en' [/home/anuragh-haridas/Projects/systolic_array/systolic_array.srcs/sources_1/new/sys_array.sv:629]
WARNING: [VRFC 10-3091] actual bit length 288 differs from formal bit length 144 for port 'bias_read' [/home/anuragh-haridas/Projects/systolic_array/systolic_array.srcs/sources_1/new/sys_array.sv:642]
WARNING: [VRFC 10-3091] actual bit length 288 differs from formal bit length 144 for port 'bias' [/home/anuragh-haridas/Projects/systolic_array/systolic_array.srcs/sources_1/new/sys_array.sv:644]
WARNING: [VRFC 10-3091] actual bit length 32 differs from formal bit length 18 for port 'bias_wr_en' [/home/anuragh-haridas/Projects/systolic_array/systolic_array.srcs/sources_1/new/sys_array.sv:646]
Completed static elaboration
Starting simulation data flow analysis
Completed simulation data flow analysis
Time Resolution for simulation is 1ps
Compiling module xil_defaultlib.delay(D=0)
Compiling module xil_defaultlib.delay_default
Compiling module xil_defaultlib.delay(D=2)
Compiling module xil_defaultlib.delay(D=3)
Compiling module xil_defaultlib.delay(D=4)
Compiling module xil_defaultlib.delay(D=5)
Compiling module xil_defaultlib.delay(D=6)
Compiling module xil_defaultlib.delay(D=7)
Compiling module xil_defaultlib.delay(D=8)
Compiling module xil_defaultlib.delay_last(D=0)
Compiling module xil_defaultlib.delay_last_default
Compiling module xil_defaultlib.delay_last(D=2)
Compiling module xil_defaultlib.delay_last(D=3)
Compiling module xil_defaultlib.delay_last(D=4)
Compiling module xil_defaultlib.delay_last(D=5)
Compiling module xil_defaultlib.delay_last(D=6)
Compiling module xil_defaultlib.delay_last(D=7)
Compiling module xil_defaultlib.delay_last(D=8)
Compiling module xil_defaultlib.dsp_mac(ACC_WIDTH=32)
Compiling module xil_defaultlib.Sys_array_test_default
Compiling module xil_defaultlib.bram_reader
Compiling module xil_defaultlib.bias_reader
Compiling module xil_defaultlib.sys_feeder_default
Compiling module xil_defaultlib.tb_control
Compiling module xil_defaultlib.glbl
Built simulation snapshot tb_control_behav
