#
# An unexpected error has occurred (6)
#
Stack:
/lib/x86_64-linux-gnu/libc.so.6(+0x45330) [0x7104b9845330]
/lib/x86_64-linux-gnu/libc.so.6(pthread_kill+0x11c) [0x7104b989eb2c]
/lib/x86_64-linux-gnu/libc.so.6(gsignal+0x1e) [0x7104b984527e]
/lib/x86_64-linux-gnu/libc.so.6(abort+0xdf) [0x7104b98288ff]
/tools/Xilinx/Vivado/2024.2/lib/lnx64.o/Ubuntu/libstdc++.so.6(+0x8ba13) [0x7104ba08ba13]
/tools/Xilinx/Vivado/2024.2/lib/lnx64.o/Ubuntu/libstdc++.so.6(+0x91b86) [0x7104ba091b86]
/tools/Xilinx/Vivado/2024.2/lib/lnx64.o/Ubuntu/libstdc++.so.6(+0x91bc1) [0x7104ba091bc1]
/tools/Xilinx/Vivado/2024.2/lib/lnx64.o/Ubuntu/libstdc++.so.6(+0x928ff) [0x7104ba0928ff]
/tools/Xilinx/Vivado/2024.2/lib/lnx64.o/libxv_wavedata.so(+0x2d014e) [0x71048a2d014e]
/tools/Xilinx/Vivado/2024.2/lib/lnx64.o/libxv_wavedata.so(SG_Model::WaveformRender::render(SG_Model::WVDataObject const&)+0x84) [0x71048a3ebb64]
/tools/Xilinx/Vivado/2024.2/lib/lnx64.o/libxv_wavedata.so(WaveViewer::WVWaveformPanel::WaveformTraverser::drawWaveform(SG_Model::WVDataObject const*, int, int)+0x38e) [0x71048a294c9e]
/tools/Xilinx/Vivado/2024.2/lib/lnx64.o/libxv_wavedata.so(WaveViewer::WVWaveformPanel::WaveformTraverser::handleItemSize(WaveViewer::WVTreeWVObjectModel::ITraverseHandler::TraverseItem const&)+0x52) [0x71048a294f72]
/tools/Xilinx/Vivado/2024.2/lib/lnx64.o/libxv_wavedata.so(WaveViewer::WVTreeWVObjectModel::traverseYRange(SG_Model::WVDataObject const*, WaveViewer::WVTreeWVObjectModel::ITraverseHandler&, int, int, int&, int&) const+0x234) [0x71048a29c744]
/tools/Xilinx/Vivado/2024.2/lib/lnx64.o/libxv_wavedata.so(WaveViewer::WVTreeWVObjectModel::traverseYRange(SG_Model::WVDataObject const*, WaveViewer::WVTreeWVObjectModel::ITraverseHandler&, int, int, int&, int&) const+0x2be) [0x71048a29c7ce]
/tools/Xilinx/Vivado/2024.2/lib/lnx64.o/libxv_wavedata.so(WaveViewer::WVTreeWVObjectModel::traverseYRange(SG_Model::WVDataObject const*, WaveViewer::WVTreeWVObjectModel::ITraverseHandler&, int, int, int&, int&) const+0x2be) [0x71048a29c7ce]
/tools/Xilinx/Vivado/2024.2/lib/lnx64.o/libxv_wavedata.so(WaveViewer::WVTreeWVObjectModel::traverseYRange(WaveViewer::WVTreeWVObjectModel::ITraverseHandler&, int, int) const+0x57) [0x71048a29c907]
/tools/Xilinx/Vivado/2024.2/lib/lnx64.o/libxv_wavedata.so(WaveViewer::WVWaveformPanel::getGraphics(HDGDStringStream&, long&)+0x3a9) [0x71048a294299]
/tools/Xilinx/Vivado/2024.2/lib/lnx64.o/libxv_wavedata.so(WVExecutiveImp::getGraphicsDataSize()+0x9a) [0x71048a3041ea]
/tools/Xilinx/Vivado/2024.2/lib/lnx64.o/libxv_wavedata.so(WVExecutive::getGraphicsDataSize()+0xf) [0x71048a30466f]
/tools/Xilinx/Vivado/2024.2/lib/lnx64.o/libxv_wavedata.so(Java_ui_views_waveform_waveformi_WVExecutive_1getGraphicsDataSize+0x17) [0x71048a3706e7]
[0x71046e26b980]
